[0m2021.07.13 22:35:56 INFO  Started: Metals version 0.10.4 in workspace 'C:\Users\viral\cox\backend\cox-coding-exercise' for client Visual Studio Code 1.57.1.[0m
[0m2021.07.13 22:36:03 INFO  time: initialize in 7.7s[0m
[0m2021.07.13 22:36:04 WARN  Build server is not auto-connectable.[0m
[0m2021.07.13 22:40:30 WARN  no build target for: C:\Users\viral\cox\backend\cox-coding-exercise\app\controllers\Stocks.scala[0m
[0m2021.07.13 22:40:47 INFO  no build target: using presentation compiler with only scala-library: 2.12.14[0m
[0m2021.07.13 22:40:56 INFO  time: code lens generation in 22s[0m
[0m2021.07.13 22:45:16 WARN  no build target for: C:\Users\viral\cox\backend\cox-coding-exercise\app\services\StockService.scala[0m
[0m2021.07.14 12:34:02 INFO  skipping build import with status 'Requested'[0m
[0m2021.07.14 12:34:16 INFO  no build target: using presentation compiler with only scala-library: 2.12.14[0m
[0m2021.07.14 12:34:26 INFO  time: code lens generation in 22s[0m
[0m2021.07.14 12:36:39 INFO  shutting down Metals[0m
[0m2021.07.14 12:53:08 INFO  Started: Metals version 0.10.5 in workspace 'C:\Users\viral\cox\backend\cox-coding-exercise' for client Visual Studio Code 1.58.0.[0m
[0m2021.07.14 12:53:13 INFO  time: initialize in 4.81s[0m
[0m2021.07.14 12:53:16 WARN  Build server is not auto-connectable.[0m
Jul 14, 2021 9:10:46 PM org.eclipse.lsp4j.jsonrpc.services.GenericEndpoint notify
INFO: Unsupported notification method: $/setTrace
[0m2021.07.14 21:13:10 INFO  shutting down Metals[0m
[0m2021.07.14 21:13:10 ERROR Unexpected error initializing server
org.eclipse.lsp4j.jsonrpc.ResponseErrorException: Request window/showMessageRequest failed with message: Canceled
	at org.eclipse.lsp4j.jsonrpc.RemoteEndpoint.handleResponse(RemoteEndpoint.java:209)
	at org.eclipse.lsp4j.jsonrpc.RemoteEndpoint.consume(RemoteEndpoint.java:193)
	at org.eclipse.lsp4j.jsonrpc.json.StreamMessageProducer.handleMessage(StreamMessageProducer.java:194)
	at org.eclipse.lsp4j.jsonrpc.json.StreamMessageProducer.listen(StreamMessageProducer.java:94)
	at org.eclipse.lsp4j.jsonrpc.json.ConcurrentMessageProcessor.run(ConcurrentMessageProcessor.java:113)
	at java.util.concurrent.Executors$RunnableAdapter.call(Executors.java:511)
	at java.util.concurrent.FutureTask.run(FutureTask.java:266)
	at java.util.concurrent.ThreadPoolExecutor.runWorker(ThreadPoolExecutor.java:1149)
	at java.util.concurrent.ThreadPoolExecutor$Worker.run(ThreadPoolExecutor.java:624)
	at java.lang.Thread.run(Thread.java:748)
[0m
